C:\USERS\DEBBIE\DESKTOP\PRACTICA5\PRACTICA5\DEBUG\ALMACEN.OBJ
C:\Users\debbie\Desktop\practica5\Practica5\Debug\cl.command.1.tlog
C:\Users\debbie\Desktop\practica5\Practica5\Debug\CL.read.1.tlog
C:\Users\debbie\Desktop\practica5\Practica5\Debug\CL.write.1.tlog
C:\USERS\DEBBIE\DESKTOP\PRACTICA5\PRACTICA5\DEBUG\FECHA.OBJ
C:\Users\debbie\Desktop\practica5\Practica5\Debug\link.command.1.tlog
C:\Users\debbie\Desktop\practica5\Practica5\Debug\link.read.1.tlog
C:\Users\debbie\Desktop\practica5\Practica5\Debug\link.write.1.tlog
C:\USERS\DEBBIE\DESKTOP\PRACTICA5\PRACTICA5\DEBUG\LISTA.OBJ
C:\Users\debbie\Desktop\practica5\Practica5\Debug\mt.command.1.tlog
C:\Users\debbie\Desktop\practica5\Practica5\Debug\mt.read.1.tlog
C:\Users\debbie\Desktop\practica5\Practica5\Debug\mt.write.1.tlog
C:\USERS\DEBBIE\DESKTOP\PRACTICA5\PRACTICA5\DEBUG\PRACTICA4.OBJ
C:\USERS\DEBBIE\DESKTOP\PRACTICA5\PRACTICA5\DEBUG\PRACTICA5.EXE
C:\USERS\DEBBIE\DESKTOP\PRACTICA5\PRACTICA5\DEBUG\PRACTICA5.EXE.INTERMEDIATE.MANIFEST
C:\USERS\DEBBIE\DESKTOP\PRACTICA5\PRACTICA5\DEBUG\PRACTICA5.ILK
C:\USERS\DEBBIE\DESKTOP\PRACTICA5\PRACTICA5\DEBUG\PRACTICA5.OBJ
C:\USERS\DEBBIE\DESKTOP\PRACTICA5\PRACTICA5\DEBUG\PRACTICA5.PDB
C:\USERS\DEBBIE\DESKTOP\PRACTICA5\PRACTICA5\DEBUG\PRODUCTO.OBJ
C:\Users\debbie\Desktop\practica5\Practica5\Debug\vc100.idb
C:\USERS\DEBBIE\DESKTOP\PRACTICA5\PRACTICA5\DEBUG\VC100.PDB
